0 info it worked if it ends with ok
1 verbose cli [ '/usr/local/bin/node', '/usr/local/bin/npm', 'start' ]
2 info using npm@3.10.5
3 info using node@v4.4.0
4 verbose run-script [ 'prestart', 'start', 'poststart' ]
5 info lifecycle react-native-maps@0.15.2~prestart: react-native-maps@0.15.2
6 silly lifecycle react-native-maps@0.15.2~prestart: no script for prestart, continuing
7 info lifecycle react-native-maps@0.15.2~start: react-native-maps@0.15.2
8 verbose lifecycle react-native-maps@0.15.2~start: unsafe-perm in lifecycle true
9 verbose lifecycle react-native-maps@0.15.2~start: PATH: /usr/local/lib/node_modules/npm/bin/node-gyp-bin:/Users/chen/Documents/workspace/RNDemo/rn451/node_modules/react-native-maps/node_modules/.bin:/Users/chen/Documents/workspace/RNDemo/rn451/node_modules/.bin:/usr/local/bin:/usr/local/bin:/usr/bin:/bin:/usr/sbin:/sbin:/Users/chen/Library/Android/sdk/tools:/Users/chen/Library/Android/sdk/platform-tools
10 verbose lifecycle react-native-maps@0.15.2~start: CWD: /Users/chen/Documents/workspace/RNDemo/rn451/node_modules/react-native-maps
11 silly lifecycle react-native-maps@0.15.2~start: Args: [ '-c',
11 silly lifecycle   'node node_modules/react-native/local-cli/cli.js start' ]
12 silly lifecycle react-native-maps@0.15.2~start: Returned: code: 1  signal: null
13 info lifecycle react-native-maps@0.15.2~start: Failed to exec start script
14 verbose stack Error: react-native-maps@0.15.2 start: `node node_modules/react-native/local-cli/cli.js start`
14 verbose stack Exit status 1
14 verbose stack     at EventEmitter.<anonymous> (/usr/local/lib/node_modules/npm/lib/utils/lifecycle.js:242:16)
14 verbose stack     at emitTwo (events.js:87:13)
14 verbose stack     at EventEmitter.emit (events.js:172:7)
14 verbose stack     at ChildProcess.<anonymous> (/usr/local/lib/node_modules/npm/lib/utils/spawn.js:40:14)
14 verbose stack     at emitTwo (events.js:87:13)
14 verbose stack     at ChildProcess.emit (events.js:172:7)
14 verbose stack     at maybeClose (internal/child_process.js:827:16)
14 verbose stack     at Process.ChildProcess._handle.onexit (internal/child_process.js:211:5)
15 verbose pkgid react-native-maps@0.15.2
16 verbose cwd /Users/chen/Documents/workspace/RNDemo/rn451/node_modules/react-native-maps
17 error Darwin 16.3.0
18 error argv "/usr/local/bin/node" "/usr/local/bin/npm" "start"
19 error node v4.4.0
20 error npm  v3.10.5
21 error code ELIFECYCLE
22 error react-native-maps@0.15.2 start: `node node_modules/react-native/local-cli/cli.js start`
22 error Exit status 1
23 error Failed at the react-native-maps@0.15.2 start script 'node node_modules/react-native/local-cli/cli.js start'.
23 error Make sure you have the latest version of node.js and npm installed.
23 error If you do, this is most likely a problem with the react-native-maps package,
23 error not with npm itself.
23 error Tell the author that this fails on your system:
23 error     node node_modules/react-native/local-cli/cli.js start
23 error You can get information on how to open an issue for this project with:
23 error     npm bugs react-native-maps
23 error Or if that isn't available, you can get their info via:
23 error     npm owner ls react-native-maps
23 error There is likely additional logging output above.
24 verbose exit [ 1, true ]
